app/build/outputs/mapping/release/seeds.txt
com.actionadblocker.kundan.DownloadsActivity
com.actionadblocker.kundan.MyApplication: MyApplication()
com.actionadblocker.kundan.Models.FileType: com.actionadblocker.kundan.Models.FileType[] values()
com.actionadblocker.kundan.Models.FileType: com.actionadblocker.kundan.Models.FileType valueOf(java.lang.String)
com.actionadblocker.kundan.MyApplication
com.actionadblocker.kundan.DownloadsActivity: DownloadsActivity()
com.actionadblocker.kundan.MainActivity
com.actionadblocker.kundan.MainActivity: MainActivity()
...
com.google.android.material.R$styleable: int CardView_cardBackgroundColor
com.google.android.material.R$style: int Base_Theme_MaterialComponents
com.google.android.material.R$color: int notification_action_color_filter
com.daimajia.androidanimations.library.R$dimen: int compat_control_corner_material
com.facebook.ads.AdListener: void onAdClicked(com.facebook.ads.Ad)
com.google.android.material.R$style: int TextAppearance_MaterialComponents_Headline6
com.anthonycr.progress.R$styleable: int[] AlertDialog
com.google.ads.mediation.AbstractAdViewAdapter: void requestInterstitialAd(android.content.Context,com.google.android.gms.ads.mediation.MediationInterstitialListener,android.os.Bundle,com.google.android.gms.ads.mediation.MediationAdRequest,android.os.Bundle)
com.facebook.ads.ExtraHints$Keyword: com.facebook.ads.ExtraHints$Keyword FRENCH_CUISINE
com.facebook.ads.internal.api.AudienceNetworkActivityApi: void onStart()
androidx.appcompat.R$style: int Base_Widget_AppCompat_Toolbar
com.google.android.material.R$dimen: int mtrl_btn_padding_bottom
androidx.constraintlayout.widget.R$styleable: int ViewBackgroundHelper_backgroundTintMode
com.anthonycr.progress.R$styleable: int AppCompatTheme_textAppearanceListItemSmall
androidx.appcompat.R$attr: int color
com.google.android.material.chip.Chip: void setChipCornerRadiusResource(int)
com.google.android.material.R$drawable: int abc_ic_menu_paste_mtrl_am_alpha
com.pnikosis.materialishprogress.R$styleable: int ProgressWheel_matProg_rimColor
com.facebook.ads.internal.api.AdComponentView
com.google.android.material.R$styleable: int TextAppearance_android_shadowDx
com.daimajia.androidanimations.library.YoYo$EmptyAnimatorListener: void onAnimationCancel(android.animation.Animator)
androidx.constraintlayout.widget.R$id: int accessibility_custom_action_26
com.google.android.gms.internal.ads.zzwe: int zzb
com.google.android.material.R$attr: int hintEnabled
androidx.work.ListenableWorker: void stop()
com.google.android.material.R$style: int TextAppearance_AppCompat_Light_Widget_PopupMenu_Large
androidx.coordinatorlayout.R$attr: int alpha
androidx.constraintlayout.widget.R$styleable: int TextAppearance_android_shadowRadius
com.daimajia.androidanimations.library.zooming_entrances.ZoomInRightAnimator: ZoomInRightAnimator()
com.google.android.material.R$dimen: int mtrl_btn_text_btn_icon_padding
com.daimajia.androidanimations.library.bouncing_entrances.BounceInRightAnimator
androidx.appcompat.R$attr: int actionBarWidgetTheme
com.facebook.ads.internal.api.AdViewConstructorParams: AdViewConstructorParams(android.content.Context)
com.facebook.ads.RewardedVideoAd$RewardedVideoAdLoadConfigBuilder: com.facebook.ads.RewardedVideoAd$RewardedVideoLoadAdConfig build()
com.google.android.material.R$styleable: int FloatingActionButton_elevation
com.google.android.material.R$attr: int drawableStartCompat
com.google.android.material.R$attr: int flow_verticalBias
androidx.appcompat.R$styleable: int ActionBar_contentInsetEndWithActions
com.google.android.material.R$attr: int switchPadding
com.google.android.material.R$styleable: int ConstraintSet_android_layout_marginTop
com.facebook.ads.AdSettings: void clearTestDevices()
com.google.android.gms.internal.ads.zzdc: long zzp
com.google.android.material.R$styleable: int MaterialButtonToggleGroup_checkedButton
com.google.android.material.floatingactionbutton.FloatingActionButton: void setScaleX(float)
com.google.android.material.R$attr: int listPreferredItemPaddingRight
androidx.constraintlayout.widget.R$styleable: int KeyAttribute_android_translationY
androidx.constraintlayout.widget.R$id: int accessibility_custom_action_15
com.daimajia.androidanimations.library.Techniques: com.daimajia.androidanimations.library.Techniques FlipInX
androidx.constraintlayout.widget.R$styleable: int AppCompatTheme_actionModeCopyDrawable
com.google.android.material.chip.Chip: android.text.TextUtils$TruncateAt getEllipsize()