app/build/outputs/mapping/release/usage.txt
com.actionadblocker.kundan.R$drawable
com.actionadblocker.kundan.R$styleable
com.actionadblocker.kundan.Utils.Commons:
    public void <init>()
com.actionadblocker.kundan.R
com.actionadblocker.kundan.R$dimen
com.actionadblocker.kundan.R$interpolator
com.actionadblocker.kundan.R$style
com.actionadblocker.kundan.R$string
com.actionadblocker.kundan.R$anim
com.actionadblocker.kundan.BuildConfig
com.actionadblocker.kundan.R$layout
com.actionadblocker.kundan.R$animator
com.actionadblocker.kundan.R$integer
com.actionadblocker.kundan.R$mipmap
com.actionadblocker.kundan.R$bool
com.actionadblocker.kundan.R$color
com.actionadblocker.kundan.R$attr
com.actionadblocker.kundan.R$plurals
com.actionadblocker.kundan.R$menu
com.actionadblocker.kundan.R$id
com.actionadblocker.kundan.R$xml
com.actionadblocker.kundan.Configs.SettingsManager:
    public void <init>()
    public static final java.lang.String DOWNLOAD_FOLDER_DIR_NAME
com.actionadblocker.kundan.Utils.Commons
com.actionadblocker.kundan.MainActivity$15:
    public void onStateUpdate(com.google.android.play.core.install.InstallState)
com.actionadblocker.kundan.MainActivity$16:
    public void onSuccess(com.google.android.play.core.appupdate.AppUpdateInfo)
com.actionadblocker.kundan.Adapters.AutoCompleteAdapter:
    public static synthetic android.content.Context access$000(com.actionadblocker.kundan.Adapters.AutoCompleteAdapter)
    public static synthetic java.util.ArrayList access$102(com.actionadblocker.kundan.Adapters.AutoCompleteAdapter,java.util.ArrayList)
    public java.lang.String getItem(int)
    public final java.lang.String server
com.actionadblocker.kundan.Grabber.AdBlocker:
    public static synthetic java.lang.String access$000(com.actionadblocker.kundan.Grabber.AdBlocker)
    public static synthetic java.lang.String access$002(com.actionadblocker.kundan.Grabber.AdBlocker,java.lang.String)
    public static synthetic java.util.List access$102(com.actionadblocker.kundan.Grabber.AdBlocker,java.util.List)
    public static synthetic java.util.List access$100(com.actionadblocker.kundan.Grabber.AdBlocker)
    public void update(android.content.Context)
    public boolean checkThroughFilters(java.lang.String)
com.actionadblocker.kundan.Adapters.DownloadsAdapter$SavedHolder:
    public static synthetic android.widget.TextView access$000(com.actionadblocker.kundan.Adapters.DownloadsAdapter$SavedHolder)
    public static synthetic android.widget.ImageView access$100(com.actionadblocker.kundan.Adapters.DownloadsAdapter$SavedHolder)
    public static synthetic android.widget.ImageView access$500(com.actionadblocker.kundan.Adapters.DownloadsAdapter$SavedHolder)
com.actionadblocker.kundan.Adapters.DownloadsAdapter:
    public static synthetic android.content.Context access$200(com.actionadblocker.kundan.Adapters.DownloadsAdapter)
    public static synthetic java.util.List access$300(com.actionadblocker.kundan.Adapters.DownloadsAdapter)
    public static void access$400(com.actionadblocker.kundan.Adapters.DownloadsAdapter,android.view.View,java.io.File)
    public com.actionadblocker.kundan.Adapters.DownloadsAdapter$SavedHolder onCreateViewHolder(android.view.ViewGroup)
    public void onBindViewHolder(com.actionadblocker.kundan.Adapters.DownloadsAdapter$SavedHolder,int)
    public void updateList()
    public final void popUp(android.view.View,java.io.File)
...
com.google.android.gms.internal.ads.zzq:
    public final int zza()
    public final int zzb()
    public final void zzc(com.google.android.gms.internal.ads.zzal)
androidx.vectordrawable.graphics.drawable.VectorDrawableCompat$1
com.google.android.gms.internal.ads.zzml:
    public static com.google.android.gms.internal.ads.zzml zza(java.lang.String)
    public static com.google.android.gms.internal.ads.zzml zzb(java.lang.String,java.lang.String,android.media.MediaCodecInfo$CodecCapabilities,boolean,boolean)
    public final android.media.MediaCodecInfo$CodecProfileLevel[] zzc()
    public final boolean zzd(java.lang.String)
    public final android.graphics.Point zzf(int,int)
    public final boolean zzg(int)
    public final boolean zzh(int)
com.google.android.gms.internal.ads.zzbl:
    public abstract com.google.android.gms.internal.ads.zzbp zza(java.lang.String,byte[],java.lang.String)
com.facebook.imagepipeline.bitmaps.PlatformBitmapFactoryProvider
com.bumptech.glide.load.resource.drawable.UnitDrawableDecoder:
    public boolean handles()
    public com.bumptech.glide.load.engine.Resource decode(android.graphics.drawable.Drawable)
com.google.android.gms.internal.ads.zzdfx:
    public final com.google.android.gms.internal.ads.zzdfy zzb()
com.google.android.gms.internal.ads.zzbau:
    public final void zza()
android.support.v4.media.session.MediaSessionCompat$QueueItem:
    public void <init>(java.lang.Object,android.support.v4.media.MediaDescriptionCompat,long)
    public static android.support.v4.media.session.MediaSessionCompat$QueueItem fromQueueItem(java.lang.Object)
    public static java.util.List fromQueueItemList(java.util.List)
    public java.lang.Object mItem
com.google.android.gms.ads.mediation.MediationInterstitialAd
androidx.appcompat.view.menu.MenuBuilder:
    public static int getOrdering(int)
    public static int findInsertIndex(java.util.ArrayList,int)
    public androidx.appcompat.view.menu.MenuBuilder setDefaultShowAsAction(int)
    public void addMenuPresenter(androidx.appcompat.view.menu.MenuPresenter)
    public void setCallback(androidx.appcompat.view.menu.MenuBuilder$Callback)
    public void setExclusiveItemChecked(android.view.MenuItem)
    public int findItemIndex(int)
    public int findGroupIndex(int)
    public int findGroupIndex(int,int)
    public android.content.res.Resources getResources()
    public android.content.Context getContext()
    public void changeMenuMode()
    public void onItemVisibleChanged()
    public java.util.ArrayList getActionItems()
    public java.util.ArrayList getNonActionItems()
    public androidx.appcompat.view.menu.MenuBuilder setHeaderTitleInt(java.lang.CharSequence)
    public androidx.appcompat.view.menu.MenuBuilder setHeaderTitleInt(int)
    public androidx.appcompat.view.menu.MenuBuilder setHeaderIconInt(android.graphics.drawable.Drawable)
    public androidx.appcompat.view.menu.MenuBuilder setHeaderIconInt(int)
    public androidx.appcompat.view.menu.MenuBuilder setHeaderViewInt(android.view.View)
    public java.lang.CharSequence getHeaderTitle()
    public android.graphics.drawable.Drawable getHeaderIcon()
    public android.view.View getHeaderView()
    public boolean getOptionalIconsVisible()
androidx.recyclerview.widget.RecyclerView$ViewCacheExtension:
    public abstract android.view.View getViewForPositionAndType(androidx.recyclerview.widget.RecyclerView$Recycler,int,int)
com.google.android.gms.internal.ads.zzcox
androidx.core.widget.AutoScrollHelper$ClampedScroller:
    public void setRampUpDuration(int)
    public void setRampDownDuration(int)
    public void start()
    public void requestStop()
    public boolean isFinished()
    public void computeScrollDelta()
    public void setTargetVelocity(float,float)
    public int getHorizontalDirection()
    public int getVerticalDirection()
    public int getDeltaX()
    public int getDeltaY()
    public final float interpolateValue(float)